<?xml version="1.0" encoding="UTF-8"?>
<testng-results ignored="0" total="1" passed="1" failed="0" skipped="0">
  <reporter-output>
  </reporter-output>
  <suite started-at="2025-03-10T19:22:25 IST" name="Default suite" finished-at="2025-03-10T19:22:44 IST" duration-ms="19340">
    <groups>
      <group name="cucumber">
        <method signature="AbstractTestNGCucumberTests.runScenario(io.cucumber.testng.PickleWrapper,io.cucumber.testng.FeatureWrapper)[pri:0, instance:runner.CartRunner@6572421]" name="runScenario" class="io.cucumber.testng.AbstractTestNGCucumberTests"/>
      </group> <!-- cucumber -->
    </groups>
    <test started-at="2025-03-10T19:22:25 IST" name="Default test" finished-at="2025-03-10T19:22:44 IST" duration-ms="19340">
      <class name="runner.CartRunner">
        <test-method is-config="true" signature="setUpClass(org.testng.ITestContext)[pri:0, instance:runner.CartRunner@6572421]" started-at="2025-03-10T19:22:25 IST" name="setUpClass" finished-at="2025-03-10T19:22:26 IST" duration-ms="948" status="PASS">
          <params>
            <param index="0">
              <value>
                <![CDATA[org.testng.TestRunner@9255c05]]>
              </value>
            </param>
          </params>
          <reporter-output>
          </reporter-output>
        </test-method> <!-- setUpClass -->
        <test-method signature="runScenario(io.cucumber.testng.PickleWrapper,io.cucumber.testng.FeatureWrapper)[pri:0, instance:runner.CartRunner@6572421]" started-at="2025-03-10T19:22:26 IST" name="runScenario" description="Runs Cucumber Scenarios" data-provider="scenarios" finished-at="2025-03-10T19:22:44 IST" duration-ms="18242" status="PASS">
          <params>
            <param index="0">
              <value>
                <![CDATA["User adds a product to the cart."]]>
              </value>
            </param>
            <param index="1">
              <value>
                <![CDATA["Add to Cart"]]>
              </value>
            </param>
          </params>
          <reporter-output>
          </reporter-output>
        </test-method> <!-- runScenario -->
        <test-method is-config="true" signature="tearDownClass()[pri:0, instance:runner.CartRunner@6572421]" started-at="2025-03-10T19:22:44 IST" name="tearDownClass" finished-at="2025-03-10T19:22:44 IST" duration-ms="89" status="PASS">
          <reporter-output>
          </reporter-output>
        </test-method> <!-- tearDownClass -->
      </class> <!-- runner.CartRunner -->
    </test> <!-- Default test -->
  </suite> <!-- Default suite -->
</testng-results>
